<?xml version="1.0" encoding="UTF-8"?>
<!-- Generated by org.testng.reporters.JUnitReportReporter -->
<testsuite hostname="LAPTOP-RN565PT4" failures="0" tests="1" name="PropertiesProject.PropertiesTest" time="6.023" errors="0" timestamp="2023-01-24T19:01:27 IST" skipped="0">
  <testcase classname="PropertiesProject.PropertiesTest" name="login" time="6.023"/>
  <system-out/>
</testsuite> <!-- PropertiesProject.PropertiesTest -->
