<?xml version="1.0" encoding="UTF-8"?>
<!-- Generated by org.testng.reporters.JUnitReportReporter -->
<testsuite hostname="LAPTOP-RN565PT4" failures="0" tests="1" name="Com.Listeners.ListenerTest" time="0.025" errors="0" timestamp="2023-01-23T20:26:54 IST" skipped="0">
  <testcase classname="Com.Listeners.ListenerTest" name="f" time="0.025"/>
  <system-out/>
</testsuite> <!-- Com.Listeners.ListenerTest -->
